android/app/build/intermediates/manifest_merge_blame_file/release/manifest-merger-blame-release-report.txt
1<?xml version="1.0" encoding="utf-8"?>
2<manifest xmlns:android="http://schemas.android.com/apk/res/android"
3    package="com.awsuploadreactnative"
4    android:versionCode="4194305"
5    android:versionName="1.0" >
6
7    <uses-sdk
8        android:minSdkVersion="16"
8-->src/main/AndroidManifest.xml
9        android:targetSdkVersion="28" />
9-->src/main/AndroidManifest.xml
10
11    <uses-permission android:name="android.permission.INTERNET" />
11-->src/main/AndroidManifest.xml:4:5-67
11-->src/main/AndroidManifest.xml:4:22-64
12    <uses-permission android:name="android.permission.ACCESS_COURSE_LOCATION" />
12-->src/main/AndroidManifest.xml:5:5-80
12-->src/main/AndroidManifest.xml:5:22-78
13    <uses-permission android:name="android.permission.ACCESS_FINE_LOCATION" />
13-->src/main/AndroidManifest.xml:6:5-79
13-->src/main/AndroidManifest.xml:6:22-76
14    <uses-permission android:name="android.permission.ACCESS_WIFI_STATE" />
14-->src/main/AndroidManifest.xml:7:5-76
14-->src/main/AndroidManifest.xml:7:22-73
15    <uses-permission android:name="android.permission.CAMERA" />
15-->src/main/AndroidManifest.xml:8:5-65
15-->src/main/AndroidManifest.xml:8:22-62
16    <uses-permission android:name="android.permission.WRITE_EXTERNAL_STORAGE" />
16-->src/main/AndroidManifest.xml:9:5-80
16-->src/main/AndroidManifest.xml:9:22-78
17    <uses-permission android:name="android.permission.RECEIVE_BOOT_COMPLETED" />
17-->src/main/AndroidManifest.xml:10:5-81
17-->src/main/AndroidManifest.xml:10:22-78
18    <uses-permission android:name="android.permission.VIBRATE" />
18-->src/main/AndroidManifest.xml:11:5-66
18-->src/main/AndroidManifest.xml:11:22-63
19
20    <application
20-->src/main/AndroidManifest.xml:13:5-32:19
21        android:name="com.awsuploadreactnative.MainApplication"
21-->src/main/AndroidManifest.xml:14:7-38
22        android:allowBackup="false"
22-->src/main/AndroidManifest.xml:18:7-34
23        android:appComponentFactory="androidx.core.app.CoreComponentFactory"
23-->[androidx.core:core:1.0.0] AndroidManifest.xml:22:18-86
24        android:icon="@mipmap/ic_launcher"
24-->src/main/AndroidManifest.xml:16:7-41
25        android:label="@string/app_name"
25-->src/main/AndroidManifest.xml:15:7-39
26        android:roundIcon="@mipmap/ic_launcher_round"
26-->src/main/AndroidManifest.xml:17:7-52
27        android:theme="@style/AppTheme"
27-->src/main/AndroidManifest.xml:20:7-38
28        android:usesCleartextTraffic="true" >
28-->src/main/AndroidManifest.xml:19:7-42
29        <activity
29-->src/main/AndroidManifest.xml:21:7-30:18
30            android:name="com.awsuploadreactnative.MainActivity"
30-->src/main/AndroidManifest.xml:22:9-37
31            android:configChanges="keyboard|keyboardHidden|orientation|screenSize"
31-->src/main/AndroidManifest.xml:24:9-79
32            android:label="@string/app_name"
32-->src/main/AndroidManifest.xml:23:9-41
33            android:windowSoftInputMode="adjustResize" >
33-->src/main/AndroidManifest.xml:25:9-51
34            <intent-filter>
34-->src/main/AndroidManifest.xml:26:9-29:25
35                <action android:name="android.intent.action.MAIN" />
35-->src/main/AndroidManifest.xml:27:13-65
35-->src/main/AndroidManifest.xml:27:21-62
36
37                <category android:name="android.intent.category.LAUNCHER" />
37-->src/main/AndroidManifest.xml:28:13-73
37-->src/main/AndroidManifest.xml:28:23-70
38            </intent-filter>
39        </activity>
40        <activity android:name="com.facebook.react.devsupport.DevSettingsActivity" />
40-->src/main/AndroidManifest.xml:31:7-84
40-->src/main/AndroidManifest.xml:31:17-81
41    </application>
42
43</manifest>